15:20:36 Line 44  INFO [main] - switchMenu - MENU_GAME
15:20:39 Line 90  INFO [main] - initGames - CYBER
15:20:39 Line 49  INFO [main] - switchMenu - Game: MasterMind // Mode: CYBER
15:20:39 Line 72  INFO [main] - validSetup - Secret code set: 3082
15:20:39 Line 105  INFO [main] - validPlay - Phase: 1
15:20:39 Line 106  INFO [main] - validPlay - Challenger guess: 4444
15:20:39 Line 144  INFO [main] - answer - Defender answer: 00
Answer to give: 00
15:20:39 Line 105  INFO [main] - validPlay - Phase: 1
15:20:39 Line 106  INFO [main] - validPlay - Challenger guess: 3333
15:20:39 Line 144  INFO [main] - answer - Defender answer: 41
Answer to give: 41
15:20:39 Line 105  INFO [main] - validPlay - Phase: 1
15:20:39 Line 106  INFO [main] - validPlay - Challenger guess: 0000
15:20:39 Line 144  INFO [main] - answer - Defender answer: 31
Answer to give: 31
15:20:39 Line 105  INFO [main] - validPlay - Phase: 1
15:20:39 Line 106  INFO [main] - validPlay - Challenger guess: 6666
15:20:39 Line 144  INFO [main] - answer - Defender answer: 00
Answer to give: 00
15:20:39 Line 105  INFO [main] - validPlay - Phase: 1
15:20:39 Line 106  INFO [main] - validPlay - Challenger guess: 8888
15:20:39 Line 144  INFO [main] - answer - Defender answer: 31
Answer to give: 31
15:20:39 Line 105  INFO [main] - validPlay - Phase: 1
15:20:39 Line 106  INFO [main] - validPlay - Challenger guess: 9999
15:20:39 Line 144  INFO [main] - answer - Defender answer: 00
Answer to give: 00
15:20:39 Line 105  INFO [main] - validPlay - Phase: 1
15:20:39 Line 106  INFO [main] - validPlay - Challenger guess: 5555
15:20:39 Line 144  INFO [main] - answer - Defender answer: 00
Answer to give: 00
15:20:39 Line 105  INFO [main] - validPlay - Phase: 1
15:20:39 Line 106  INFO [main] - validPlay - Challenger guess: 2222
15:20:39 Line 144  INFO [main] - answer - Defender answer: 31
Answer to give: 31
15:20:39 Line 105  INFO [main] - validPlay - Phase: 2
15:20:39 Line 106  INFO [main] - validPlay - Challenger guess: 3444
15:20:39 Line 144  INFO [main] - answer - Defender answer: 11
Answer to give: 11
15:20:39 Line 105  INFO [main] - validPlay - Phase: 2
15:20:39 Line 106  INFO [main] - validPlay - Challenger guess: 4044
15:20:39 Line 144  INFO [main] - answer - Defender answer: 01
Answer to give: 01
15:20:39 Line 105  INFO [main] - validPlay - Phase: 2
15:20:39 Line 106  INFO [main] - validPlay - Challenger guess: 4484
15:20:39 Line 144  INFO [main] - answer - Defender answer: 01
Answer to give: 01
15:20:39 Line 105  INFO [main] - validPlay - Phase: 2
15:20:39 Line 106  INFO [main] - validPlay - Challenger guess: 4448
15:20:39 Line 144  INFO [main] - answer - Defender answer: 10
Answer to give: 10
15:20:39 Line 105  INFO [main] - validPlay - Phase: 2
15:20:39 Line 106  INFO [main] - validPlay - Challenger guess: 4448
15:20:39 Line 144  INFO [main] - answer - Defender answer: 10
Answer to give: 10
15:20:39 Line 105  INFO [main] - validPlay - Phase: 2
15:20:39 Line 106  INFO [main] - validPlay - Challenger guess: 4448
15:20:39 Line 144  INFO [main] - answer - Defender answer: 10
Answer to give: 10
15:20:39 Line 105  INFO [main] - validPlay - Phase: 2
15:20:39 Line 106  INFO [main] - validPlay - Challenger guess: 4448
15:20:39 Line 144  INFO [main] - answer - Defender answer: 10
Answer to give: 10
15:20:39 Line 105  INFO [main] - validPlay - Phase: 2
15:20:39 Line 106  INFO [main] - validPlay - Challenger guess: 4448
15:20:39 Line 144  INFO [main] - answer - Defender answer: 10
Answer to give: 10
15:20:39 Line 105  INFO [main] - validPlay - Phase: 2
15:20:39 Line 106  INFO [main] - validPlay - Challenger guess: 4448
15:20:39 Line 144  INFO [main] - answer - Defender answer: 10
Answer to give: 10
15:20:39 Line 105  INFO [main] - validPlay - Phase: 2
15:20:39 Line 106  INFO [main] - validPlay - Challenger guess: 4448
15:20:39 Line 144  INFO [main] - answer - Defender answer: 10
Answer to give: 10
15:20:39 Line 105  INFO [main] - validPlay - Phase: 2
15:20:39 Line 106  INFO [main] - validPlay - Challenger guess: 4448
15:20:39 Line 144  INFO [main] - answer - Defender answer: 10
Answer to give: 10
15:20:39 Line 105  INFO [main] - validPlay - Phase: 2
15:20:39 Line 106  INFO [main] - validPlay - Challenger guess: 4448
15:20:39 Line 144  INFO [main] - answer - Defender answer: 10
Answer to give: 10
15:20:39 Line 105  INFO [main] - validPlay - Phase: 2
15:20:39 Line 106  INFO [main] - validPlay - Challenger guess: 4448
15:20:39 Line 144  INFO [main] - answer - Defender answer: 10
Answer to give: 10
15:20:39 Line 105  INFO [main] - validPlay - Phase: 2
15:20:39 Line 106  INFO [main] - validPlay - Challenger guess: 4448
15:20:39 Line 144  INFO [main] - answer - Defender answer: 10
Answer to give: 10
15:20:39 Line 105  INFO [main] - validPlay - Phase: 2
15:20:39 Line 106  INFO [main] - validPlay - Challenger guess: 4448
15:20:39 Line 144  INFO [main] - answer - Defender answer: 10
Answer to give: 10
15:20:39 Line 105  INFO [main] - validPlay - Phase: 2
15:20:39 Line 106  INFO [main] - validPlay - Challenger guess: 4448
15:20:39 Line 144  INFO [main] - answer - Defender answer: 10
Answer to give: 10
15:20:39 Line 105  INFO [main] - validPlay - Phase: 2
15:20:39 Line 106  INFO [main] - validPlay - Challenger guess: 4448
15:20:39 Line 144  INFO [main] - answer - Defender answer: 10
Answer to give: 10
15:20:39 Line 105  INFO [main] - validPlay - Phase: 2
15:20:39 Line 106  INFO [main] - validPlay - Challenger guess: 4448
15:20:39 Line 144  INFO [main] - answer - Defender answer: 10
Answer to give: 10
15:20:39 Line 105  INFO [main] - validPlay - Phase: 2
15:20:39 Line 106  INFO [main] - validPlay - Challenger guess: 4448
15:20:39 Line 144  INFO [main] - answer - Defender answer: 10
Answer to give: 10
15:20:39 Line 105  INFO [main] - validPlay - Phase: 2
15:20:39 Line 106  INFO [main] - validPlay - Challenger guess: 4448
15:20:39 Line 144  INFO [main] - answer - Defender answer: 10
Answer to give: 10
15:20:39 Line 105  INFO [main] - validPlay - Phase: 2
15:20:39 Line 106  INFO [main] - validPlay - Challenger guess: 4448
15:20:39 Line 144  INFO [main] - answer - Defender answer: 10
Answer to give: 10
15:20:39 Line 105  INFO [main] - validPlay - Phase: 2
15:20:39 Line 106  INFO [main] - validPlay - Challenger guess: 4448
15:20:39 Line 144  INFO [main] - answer - Defender answer: 10
Answer to give: 10
15:20:39 Line 105  INFO [main] - validPlay - Phase: 2
15:20:39 Line 106  INFO [main] - validPlay - Challenger guess: 4448
15:20:39 Line 144  INFO [main] - answer - Defender answer: 10
Answer to give: 10
15:20:39 Line 105  INFO [main] - validPlay - Phase: 2
15:20:39 Line 106  INFO [main] - validPlay - Challenger guess: 4448
15:20:39 Line 144  INFO [main] - answer - Defender answer: 10
Answer to give: 10
15:20:39 Line 105  INFO [main] - validPlay - Phase: 2
15:20:39 Line 106  INFO [main] - validPlay - Challenger guess: 4448
15:20:39 Line 144  INFO [main] - answer - Defender answer: 10
Answer to give: 10
15:20:39 Line 105  INFO [main] - validPlay - Phase: 2
15:20:39 Line 106  INFO [main] - validPlay - Challenger guess: 4448
15:20:39 Line 144  INFO [main] - answer - Defender answer: 10
Answer to give: 10
15:20:39 Line 105  INFO [main] - validPlay - Phase: 2
15:20:39 Line 106  INFO [main] - validPlay - Challenger guess: 4448
15:20:39 Line 144  INFO [main] - answer - Defender answer: 10
Answer to give: 10
15:20:39 Line 105  INFO [main] - validPlay - Phase: 2
15:20:39 Line 106  INFO [main] - validPlay - Challenger guess: 4448
15:20:39 Line 144  INFO [main] - answer - Defender answer: 10
Answer to give: 10
15:20:39 Line 105  INFO [main] - validPlay - Phase: 2
15:20:39 Line 106  INFO [main] - validPlay - Challenger guess: 4448
15:20:39 Line 144  INFO [main] - answer - Defender answer: 10
Answer to give: 10
15:20:39 Line 105  INFO [main] - validPlay - Phase: 2
15:20:39 Line 106  INFO [main] - validPlay - Challenger guess: 4448
15:20:39 Line 144  INFO [main] - answer - Defender answer: 10
Answer to give: 10
15:20:39 Line 105  INFO [main] - validPlay - Phase: 2
15:20:39 Line 106  INFO [main] - validPlay - Challenger guess: 4448
15:20:39 Line 144  INFO [main] - answer - Defender answer: 10
Answer to give: 10
15:20:39 Line 105  INFO [main] - validPlay - Phase: 2
15:20:39 Line 106  INFO [main] - validPlay - Challenger guess: 4448
15:20:39 Line 144  INFO [main] - answer - Defender answer: 10
Answer to give: 10
15:20:39 Line 105  INFO [main] - validPlay - Phase: 2
15:20:39 Line 106  INFO [main] - validPlay - Challenger guess: 4448
15:20:39 Line 144  INFO [main] - answer - Defender answer: 10
Answer to give: 10
15:20:39 Line 105  INFO [main] - validPlay - Phase: 2
15:20:39 Line 106  INFO [main] - validPlay - Challenger guess: 4448
15:20:39 Line 144  INFO [main] - answer - Defender answer: 10
Answer to give: 10
15:20:39 Line 105  INFO [main] - validPlay - Phase: 2
15:20:39 Line 106  INFO [main] - validPlay - Challenger guess: 4448
15:20:39 Line 144  INFO [main] - answer - Defender answer: 10
Answer to give: 10
15:20:39 Line 105  INFO [main] - validPlay - Phase: 2
15:20:39 Line 106  INFO [main] - validPlay - Challenger guess: 4448
15:20:39 Line 144  INFO [main] - answer - Defender answer: 10
Answer to give: 10
15:20:39 Line 105  INFO [main] - validPlay - Phase: 2
15:20:39 Line 106  INFO [main] - validPlay - Challenger guess: 4448
15:20:39 Line 144  INFO [main] - answer - Defender answer: 10
Answer to give: 10
15:20:39 Line 105  INFO [main] - validPlay - Phase: 2
15:20:39 Line 106  INFO [main] - validPlay - Challenger guess: 4448
15:20:39 Line 144  INFO [main] - answer - Defender answer: 10
Answer to give: 10
15:20:39 Line 105  INFO [main] - validPlay - Phase: 2
15:20:39 Line 106  INFO [main] - validPlay - Challenger guess: 4448
15:20:39 Line 144  INFO [main] - answer - Defender answer: 10
Answer to give: 10
15:20:39 Line 105  INFO [main] - validPlay - Phase: 2
15:20:39 Line 106  INFO [main] - validPlay - Challenger guess: 4448
15:20:39 Line 144  INFO [main] - answer - Defender answer: 10
Answer to give: 10
15:20:39 Line 105  INFO [main] - validPlay - Phase: 2
15:20:39 Line 106  INFO [main] - validPlay - Challenger guess: 4448
15:20:39 Line 144  INFO [main] - answer - Defender answer: 10
Answer to give: 10
15:20:39 Line 105  INFO [main] - validPlay - Phase: 2
15:20:39 Line 106  INFO [main] - validPlay - Challenger guess: 4448
15:20:39 Line 144  INFO [main] - answer - Defender answer: 10
Answer to give: 10
15:20:39 Line 105  INFO [main] - validPlay - Phase: 2
15:20:39 Line 106  INFO [main] - validPlay - Challenger guess: 4448
15:20:39 Line 144  INFO [main] - answer - Defender answer: 10
Answer to give: 10
15:20:39 Line 105  INFO [main] - validPlay - Phase: 2
15:20:39 Line 106  INFO [main] - validPlay - Challenger guess: 4448
15:20:39 Line 144  INFO [main] - answer - Defender answer: 10
Answer to give: 10
15:20:39 Line 105  INFO [main] - validPlay - Phase: 2
15:20:39 Line 106  INFO [main] - validPlay - Challenger guess: 4448
15:20:39 Line 144  INFO [main] - answer - Defender answer: 10
Answer to give: 10
15:20:39 Line 105  INFO [main] - validPlay - Phase: 2
15:20:39 Line 106  INFO [main] - validPlay - Challenger guess: 4448
15:20:39 Line 144  INFO [main] - answer - Defender answer: 10
Answer to give: 10
15:20:39 Line 105  INFO [main] - validPlay - Phase: 2
15:20:39 Line 106  INFO [main] - validPlay - Challenger guess: 4448
15:20:39 Line 144  INFO [main] - answer - Defender answer: 10
Answer to give: 10
15:20:39 Line 105  INFO [main] - validPlay - Phase: 2
15:20:39 Line 106  INFO [main] - validPlay - Challenger guess: 4448
15:20:39 Line 144  INFO [main] - answer - Defender answer: 10
Answer to give: 10
15:20:39 Line 105  INFO [main] - validPlay - Phase: 2
15:20:39 Line 106  INFO [main] - validPlay - Challenger guess: 4448
15:20:39 Line 144  INFO [main] - answer - Defender answer: 10
Answer to give: 10
15:20:39 Line 105  INFO [main] - validPlay - Phase: 2
15:20:39 Line 106  INFO [main] - validPlay - Challenger guess: 4448
15:20:39 Line 144  INFO [main] - answer - Defender answer: 10
Answer to give: 10
15:20:39 Line 105  INFO [main] - validPlay - Phase: 2
15:20:39 Line 106  INFO [main] - validPlay - Challenger guess: 4448
15:20:39 Line 144  INFO [main] - answer - Defender answer: 10
Answer to give: 10
15:20:39 Line 105  INFO [main] - validPlay - Phase: 2
15:20:39 Line 106  INFO [main] - validPlay - Challenger guess: 4448
15:20:39 Line 144  INFO [main] - answer - Defender answer: 10
Answer to give: 10
15:20:39 Line 105  INFO [main] - validPlay - Phase: 2
15:20:39 Line 106  INFO [main] - validPlay - Challenger guess: 4448
15:20:39 Line 144  INFO [main] - answer - Defender answer: 10
Answer to give: 10
15:20:39 Line 105  INFO [main] - validPlay - Phase: 2
15:20:39 Line 106  INFO [main] - validPlay - Challenger guess: 4448
15:20:39 Line 144  INFO [main] - answer - Defender answer: 10
Answer to give: 10
15:20:39 Line 105  INFO [main] - validPlay - Phase: 2
15:20:39 Line 106  INFO [main] - validPlay - Challenger guess: 4448
15:20:39 Line 144  INFO [main] - answer - Defender answer: 10
Answer to give: 10
15:20:39 Line 105  INFO [main] - validPlay - Phase: 2
15:20:39 Line 106  INFO [main] - validPlay - Challenger guess: 4448
15:20:39 Line 144  INFO [main] - answer - Defender answer: 10
Answer to give: 10
15:20:39 Line 105  INFO [main] - validPlay - Phase: 2
15:20:39 Line 106  INFO [main] - validPlay - Challenger guess: 4448
15:20:39 Line 144  INFO [main] - answer - Defender answer: 10
Answer to give: 10
15:20:39 Line 105  INFO [main] - validPlay - Phase: 2
15:20:39 Line 106  INFO [main] - validPlay - Challenger guess: 4448
15:20:39 Line 144  INFO [main] - answer - Defender answer: 10
Answer to give: 10
15:20:39 Line 105  INFO [main] - validPlay - Phase: 2
15:20:39 Line 106  INFO [main] - validPlay - Challenger guess: 4448
15:20:39 Line 144  INFO [main] - answer - Defender answer: 10
Answer to give: 10
15:20:39 Line 105  INFO [main] - validPlay - Phase: 2
15:20:39 Line 106  INFO [main] - validPlay - Challenger guess: 4448
15:20:39 Line 144  INFO [main] - answer - Defender answer: 10
Answer to give: 10
15:20:39 Line 105  INFO [main] - validPlay - Phase: 2
15:20:39 Line 106  INFO [main] - validPlay - Challenger guess: 4448
15:20:39 Line 144  INFO [main] - answer - Defender answer: 10
Answer to give: 10
15:20:39 Line 105  INFO [main] - validPlay - Phase: 2
15:20:39 Line 106  INFO [main] - validPlay - Challenger guess: 4448
15:20:39 Line 144  INFO [main] - answer - Defender answer: 10
Answer to give: 10
15:20:39 Line 105  INFO [main] - validPlay - Phase: 2
15:20:39 Line 106  INFO [main] - validPlay - Challenger guess: 4448
15:20:39 Line 144  INFO [main] - answer - Defender answer: 10
Answer to give: 10
15:20:39 Line 105  INFO [main] - validPlay - Phase: 2
15:20:39 Line 106  INFO [main] - validPlay - Challenger guess: 4448
15:20:39 Line 144  INFO [main] - answer - Defender answer: 10
Answer to give: 10
15:20:39 Line 105  INFO [main] - validPlay - Phase: 2
15:20:39 Line 106  INFO [main] - validPlay - Challenger guess: 4448
15:20:39 Line 144  INFO [main] - answer - Defender answer: 10
Answer to give: 10
15:20:39 Line 105  INFO [main] - validPlay - Phase: 2
15:20:39 Line 106  INFO [main] - validPlay - Challenger guess: 4448
15:20:39 Line 144  INFO [main] - answer - Defender answer: 10
Answer to give: 10
15:20:39 Line 105  INFO [main] - validPlay - Phase: 2
15:20:39 Line 106  INFO [main] - validPlay - Challenger guess: 4448
15:20:39 Line 144  INFO [main] - answer - Defender answer: 10
Answer to give: 10
15:20:39 Line 105  INFO [main] - validPlay - Phase: 2
15:20:39 Line 106  INFO [main] - validPlay - Challenger guess: 4448
15:20:39 Line 144  INFO [main] - answer - Defender answer: 10
Answer to give: 10
15:20:39 Line 105  INFO [main] - validPlay - Phase: 2
15:20:39 Line 106  INFO [main] - validPlay - Challenger guess: 4448
15:20:39 Line 144  INFO [main] - answer - Defender answer: 10
Answer to give: 10
15:20:39 Line 105  INFO [main] - validPlay - Phase: 2
15:20:39 Line 106  INFO [main] - validPlay - Challenger guess: 4448
15:20:39 Line 144  INFO [main] - answer - Defender answer: 10
Answer to give: 10
15:20:39 Line 105  INFO [main] - validPlay - Phase: 2
15:20:39 Line 106  INFO [main] - validPlay - Challenger guess: 4448
15:20:39 Line 144  INFO [main] - answer - Defender answer: 10
Answer to give: 10
15:20:39 Line 105  INFO [main] - validPlay - Phase: 2
15:20:39 Line 106  INFO [main] - validPlay - Challenger guess: 4448
15:20:39 Line 144  INFO [main] - answer - Defender answer: 10
Answer to give: 10
15:20:39 Line 105  INFO [main] - validPlay - Phase: 2
15:20:39 Line 106  INFO [main] - validPlay - Challenger guess: 4448
15:20:39 Line 144  INFO [main] - answer - Defender answer: 10
Answer to give: 10
15:20:39 Line 105  INFO [main] - validPlay - Phase: 2
15:20:39 Line 106  INFO [main] - validPlay - Challenger guess: 4448
15:20:39 Line 144  INFO [main] - answer - Defender answer: 10
Answer to give: 10
15:20:39 Line 105  INFO [main] - validPlay - Phase: 2
15:20:39 Line 106  INFO [main] - validPlay - Challenger guess: 4448
15:20:39 Line 144  INFO [main] - answer - Defender answer: 10
Answer to give: 10
15:20:39 Line 105  INFO [main] - validPlay - Phase: 2
15:20:39 Line 106  INFO [main] - validPlay - Challenger guess: 4448
15:20:39 Line 144  INFO [main] - answer - Defender answer: 10
Answer to give: 10
15:20:39 Line 105  INFO [main] - validPlay - Phase: 2
15:20:39 Line 106  INFO [main] - validPlay - Challenger guess: 4448
15:20:39 Line 144  INFO [main] - answer - Defender answer: 10
Answer to give: 10
15:20:39 Line 105  INFO [main] - validPlay - Phase: 2
15:20:39 Line 106  INFO [main] - validPlay - Challenger guess: 4448
15:20:39 Line 144  INFO [main] - answer - Defender answer: 10
Answer to give: 10
15:20:39 Line 105  INFO [main] - validPlay - Phase: 2
15:20:39 Line 106  INFO [main] - validPlay - Challenger guess: 4448
15:20:39 Line 144  INFO [main] - answer - Defender answer: 10
Answer to give: 10
15:20:39 Line 105  INFO [main] - validPlay - Phase: 2
15:20:39 Line 106  INFO [main] - validPlay - Challenger guess: 4448
15:20:39 Line 144  INFO [main] - answer - Defender answer: 10
Answer to give: 10
15:20:39 Line 105  INFO [main] - validPlay - Phase: 2
15:20:39 Line 106  INFO [main] - validPlay - Challenger guess: 4448
15:20:39 Line 144  INFO [main] - answer - Defender answer: 10
Answer to give: 10
15:20:39 Line 105  INFO [main] - validPlay - Phase: 2
15:20:39 Line 106  INFO [main] - validPlay - Challenger guess: 4448
15:20:39 Line 144  INFO [main] - answer - Defender answer: 10
Answer to give: 10
15:20:39 Line 105  INFO [main] - validPlay - Phase: 2
15:20:39 Line 106  INFO [main] - validPlay - Challenger guess: 4448
15:20:39 Line 144  INFO [main] - answer - Defender answer: 10
Answer to give: 10
15:20:39 Line 105  INFO [main] - validPlay - Phase: 2
15:20:39 Line 106  INFO [main] - validPlay - Challenger guess: 4448
15:20:39 Line 144  INFO [main] - answer - Defender answer: 10
Answer to give: 10
15:20:39 Line 105  INFO [main] - validPlay - Phase: 2
15:20:39 Line 106  INFO [main] - validPlay - Challenger guess: 4448
15:20:39 Line 144  INFO [main] - answer - Defender answer: 10
Answer to give: 10
15:20:39 Line 105  INFO [main] - validPlay - Phase: 2
15:20:39 Line 106  INFO [main] - validPlay - Challenger guess: 4448
15:20:39 Line 144  INFO [main] - answer - Defender answer: 10
Answer to give: 10
15:20:39 Line 105  INFO [main] - validPlay - Phase: 2
15:20:39 Line 106  INFO [main] - validPlay - Challenger guess: 4448
15:20:39 Line 144  INFO [main] - answer - Defender answer: 10
Answer to give: 10
15:20:39 Line 105  INFO [main] - validPlay - Phase: 2
15:20:39 Line 106  INFO [main] - validPlay - Challenger guess: 4448
15:20:39 Line 144  INFO [main] - answer - Defender answer: 10
Answer to give: 10
15:20:39 Line 105  INFO [main] - validPlay - Phase: 2
15:20:39 Line 106  INFO [main] - validPlay - Challenger guess: 4448
15:20:39 Line 144  INFO [main] - answer - Defender answer: 10
Answer to give: 10
15:20:39 Line 105  INFO [main] - validPlay - Phase: 2
15:20:39 Line 106  INFO [main] - validPlay - Challenger guess: 4448
15:20:39 Line 144  INFO [main] - answer - Defender answer: 10
Answer to give: 10
15:20:39 Line 105  INFO [main] - validPlay - Phase: 2
15:20:39 Line 106  INFO [main] - validPlay - Challenger guess: 4448
15:20:39 Line 144  INFO [main] - answer - Defender answer: 10
Answer to give: 10
15:20:39 Line 105  INFO [main] - validPlay - Phase: 2
15:20:39 Line 106  INFO [main] - validPlay - Challenger guess: 4448
15:20:39 Line 144  INFO [main] - answer - Defender answer: 10
Answer to give: 10
15:20:39 Line 250  INFO [main] - reset - Game values have been reset (error, output, input, attempts)
15:20:39 Line 251  INFO [main] - reset - challenger phase: 0
15:20:39 Line 119  INFO [main] - playing - Winner game 1: AI
15:20:39 Line 72  INFO [main] - validSetup - Secret code set: 1206
15:20:39 Line 105  INFO [main] - validPlay - Phase: 1
15:20:39 Line 106  INFO [main] - validPlay - Challenger guess: 4444
15:20:39 Line 144  INFO [main] - answer - Defender answer: 00
Answer to give: 00
15:20:39 Line 105  INFO [main] - validPlay - Phase: 1
15:20:39 Line 106  INFO [main] - validPlay - Challenger guess: 6666
15:20:39 Line 144  INFO [main] - answer - Defender answer: 31
Answer to give: 31
15:20:39 Line 105  INFO [main] - validPlay - Phase: 1
15:20:39 Line 106  INFO [main] - validPlay - Challenger guess: 8888
15:20:39 Line 144  INFO [main] - answer - Defender answer: 00
Answer to give: 00
15:20:39 Line 105  INFO [main] - validPlay - Phase: 1
15:20:39 Line 106  INFO [main] - validPlay - Challenger guess: 3333
15:20:39 Line 144  INFO [main] - answer - Defender answer: 00
Answer to give: 00
15:20:39 Line 105  INFO [main] - validPlay - Phase: 1
15:20:39 Line 106  INFO [main] - validPlay - Challenger guess: 9999
15:20:39 Line 144  INFO [main] - answer - Defender answer: 00
Answer to give: 00
15:20:39 Line 105  INFO [main] - validPlay - Phase: 1
15:20:39 Line 106  INFO [main] - validPlay - Challenger guess: 1111
15:20:39 Line 144  INFO [main] - answer - Defender answer: 41
Answer to give: 41
15:20:39 Line 105  INFO [main] - validPlay - Phase: 1
15:20:39 Line 106  INFO [main] - validPlay - Challenger guess: 0000
15:20:39 Line 144  INFO [main] - answer - Defender answer: 31
Answer to give: 31
15:20:39 Line 105  INFO [main] - validPlay - Phase: 1
15:20:39 Line 106  INFO [main] - validPlay - Challenger guess: 2222
15:20:39 Line 144  INFO [main] - answer - Defender answer: 41
Answer to give: 41
15:20:39 Line 105  INFO [main] - validPlay - Phase: 2
15:20:39 Line 106  INFO [main] - validPlay - Challenger guess: 6444
15:20:39 Line 144  INFO [main] - answer - Defender answer: 10
Answer to give: 10
15:20:39 Line 105  INFO [main] - validPlay - Phase: 2
15:20:39 Line 106  INFO [main] - validPlay - Challenger guess: 1444
15:20:39 Line 144  INFO [main] - answer - Defender answer: 11
Answer to give: 11
15:20:39 Line 105  INFO [main] - validPlay - Phase: 2
15:20:39 Line 106  INFO [main] - validPlay - Challenger guess: 4644
15:20:39 Line 144  INFO [main] - answer - Defender answer: 10
Answer to give: 10
15:20:39 Line 105  INFO [main] - validPlay - Phase: 2
15:20:39 Line 106  INFO [main] - validPlay - Challenger guess: 4044
15:20:39 Line 144  INFO [main] - answer - Defender answer: 10
Answer to give: 10
15:20:39 Line 105  INFO [main] - validPlay - Phase: 2
15:20:39 Line 106  INFO [main] - validPlay - Challenger guess: 4244
15:20:39 Line 144  INFO [main] - answer - Defender answer: 01
Answer to give: 01
15:20:39 Line 105  INFO [main] - validPlay - Phase: 2
15:20:39 Line 106  INFO [main] - validPlay - Challenger guess: 4464
15:20:39 Line 144  INFO [main] - answer - Defender answer: 10
Answer to give: 10
15:20:39 Line 105  INFO [main] - validPlay - Phase: 2
15:20:39 Line 106  INFO [main] - validPlay - Challenger guess: 4404
15:20:39 Line 144  INFO [main] - answer - Defender answer: 01
Answer to give: 01
15:20:39 Line 105  INFO [main] - validPlay - Phase: 2
15:20:39 Line 106  INFO [main] - validPlay - Challenger guess: 4440
15:20:39 Line 144  INFO [main] - answer - Defender answer: 10
Answer to give: 10
15:20:39 Line 105  INFO [main] - validPlay - Phase: 2
15:20:39 Line 106  INFO [main] - validPlay - Challenger guess: 4440
15:20:39 Line 144  INFO [main] - answer - Defender answer: 10
Answer to give: 10
15:20:39 Line 105  INFO [main] - validPlay - Phase: 2
15:20:39 Line 106  INFO [main] - validPlay - Challenger guess: 4440
15:20:39 Line 144  INFO [main] - answer - Defender answer: 10
Answer to give: 10
15:20:39 Line 105  INFO [main] - validPlay - Phase: 2
15:20:39 Line 106  INFO [main] - validPlay - Challenger guess: 4440
15:20:39 Line 144  INFO [main] - answer - Defender answer: 10
Answer to give: 10
15:20:39 Line 105  INFO [main] - validPlay - Phase: 2
15:20:39 Line 106  INFO [main] - validPlay - Challenger guess: 4440
15:20:39 Line 144  INFO [main] - answer - Defender answer: 10
Answer to give: 10
15:20:39 Line 105  INFO [main] - validPlay - Phase: 2
15:20:39 Line 106  INFO [main] - validPlay - Challenger guess: 4440
15:20:39 Line 144  INFO [main] - answer - Defender answer: 10
Answer to give: 10
15:20:39 Line 105  INFO [main] - validPlay - Phase: 2
15:20:39 Line 106  INFO [main] - validPlay - Challenger guess: 4440
15:20:39 Line 144  INFO [main] - answer - Defender answer: 10
Answer to give: 10
15:20:39 Line 105  INFO [main] - validPlay - Phase: 2
15:20:39 Line 106  INFO [main] - validPlay - Challenger guess: 4440
15:20:39 Line 144  INFO [main] - answer - Defender answer: 10
Answer to give: 10
15:20:39 Line 105  INFO [main] - validPlay - Phase: 2
15:20:39 Line 106  INFO [main] - validPlay - Challenger guess: 4440
15:20:39 Line 144  INFO [main] - answer - Defender answer: 10
Answer to give: 10
15:20:39 Line 105  INFO [main] - validPlay - Phase: 2
15:20:39 Line 106  INFO [main] - validPlay - Challenger guess: 4440
15:20:39 Line 144  INFO [main] - answer - Defender answer: 10
Answer to give: 10
15:20:39 Line 105  INFO [main] - validPlay - Phase: 2
15:20:39 Line 106  INFO [main] - validPlay - Challenger guess: 4440
15:20:39 Line 144  INFO [main] - answer - Defender answer: 10
Answer to give: 10
15:20:39 Line 105  INFO [main] - validPlay - Phase: 2
15:20:39 Line 106  INFO [main] - validPlay - Challenger guess: 4440
15:20:39 Line 144  INFO [main] - answer - Defender answer: 10
Answer to give: 10
15:20:39 Line 105  INFO [main] - validPlay - Phase: 2
15:20:39 Line 106  INFO [main] - validPlay - Challenger guess: 4440
15:20:39 Line 144  INFO [main] - answer - Defender answer: 10
Answer to give: 10
15:20:39 Line 105  INFO [main] - validPlay - Phase: 2
15:20:39 Line 106  INFO [main] - validPlay - Challenger guess: 4440
15:20:39 Line 144  INFO [main] - answer - Defender answer: 10
Answer to give: 10
15:20:39 Line 105  INFO [main] - validPlay - Phase: 2
15:20:39 Line 106  INFO [main] - validPlay - Challenger guess: 4440
15:20:39 Line 144  INFO [main] - answer - Defender answer: 10
Answer to give: 10
15:20:39 Line 105  INFO [main] - validPlay - Phase: 2
15:20:39 Line 106  INFO [main] - validPlay - Challenger guess: 4440
15:20:39 Line 144  INFO [main] - answer - Defender answer: 10
Answer to give: 10
15:20:39 Line 105  INFO [main] - validPlay - Phase: 2
15:20:39 Line 106  INFO [main] - validPlay - Challenger guess: 4440
15:20:39 Line 144  INFO [main] - answer - Defender answer: 10
Answer to give: 10
15:20:39 Line 105  INFO [main] - validPlay - Phase: 2
15:20:39 Line 106  INFO [main] - validPlay - Challenger guess: 4440
15:20:39 Line 144  INFO [main] - answer - Defender answer: 10
Answer to give: 10
15:20:39 Line 105  INFO [main] - validPlay - Phase: 2
15:20:39 Line 106  INFO [main] - validPlay - Challenger guess: 4440
15:20:39 Line 144  INFO [main] - answer - Defender answer: 10
Answer to give: 10
15:20:39 Line 105  INFO [main] - validPlay - Phase: 2
15:20:39 Line 106  INFO [main] - validPlay - Challenger guess: 4440
15:20:39 Line 144  INFO [main] - answer - Defender answer: 10
Answer to give: 10
15:20:39 Line 105  INFO [main] - validPlay - Phase: 2
15:20:39 Line 106  INFO [main] - validPlay - Challenger guess: 4440
15:20:39 Line 144  INFO [main] - answer - Defender answer: 10
Answer to give: 10
15:20:39 Line 105  INFO [main] - validPlay - Phase: 2
15:20:39 Line 106  INFO [main] - validPlay - Challenger guess: 4440
15:20:39 Line 144  INFO [main] - answer - Defender answer: 10
Answer to give: 10
15:20:39 Line 105  INFO [main] - validPlay - Phase: 2
15:20:39 Line 106  INFO [main] - validPlay - Challenger guess: 4440
15:20:39 Line 144  INFO [main] - answer - Defender answer: 10
Answer to give: 10
15:20:39 Line 105  INFO [main] - validPlay - Phase: 2
15:20:39 Line 106  INFO [main] - validPlay - Challenger guess: 4440
15:20:39 Line 144  INFO [main] - answer - Defender answer: 10
Answer to give: 10
15:20:39 Line 105  INFO [main] - validPlay - Phase: 2
15:20:39 Line 106  INFO [main] - validPlay - Challenger guess: 4440
15:20:39 Line 144  INFO [main] - answer - Defender answer: 10
Answer to give: 10
15:20:39 Line 105  INFO [main] - validPlay - Phase: 2
15:20:39 Line 106  INFO [main] - validPlay - Challenger guess: 4440
15:20:39 Line 144  INFO [main] - answer - Defender answer: 10
Answer to give: 10
15:20:39 Line 105  INFO [main] - validPlay - Phase: 2
15:20:39 Line 106  INFO [main] - validPlay - Challenger guess: 4440
15:20:39 Line 144  INFO [main] - answer - Defender answer: 10
Answer to give: 10
15:20:39 Line 105  INFO [main] - validPlay - Phase: 2
15:20:39 Line 106  INFO [main] - validPlay - Challenger guess: 4440
15:20:39 Line 144  INFO [main] - answer - Defender answer: 10
Answer to give: 10
15:20:39 Line 105  INFO [main] - validPlay - Phase: 2
15:20:39 Line 106  INFO [main] - validPlay - Challenger guess: 4440
15:20:39 Line 144  INFO [main] - answer - Defender answer: 10
Answer to give: 10
15:20:39 Line 105  INFO [main] - validPlay - Phase: 2
15:20:39 Line 106  INFO [main] - validPlay - Challenger guess: 4440
15:20:39 Line 144  INFO [main] - answer - Defender answer: 10
Answer to give: 10
15:20:39 Line 105  INFO [main] - validPlay - Phase: 2
15:20:39 Line 106  INFO [main] - validPlay - Challenger guess: 4440
15:20:39 Line 144  INFO [main] - answer - Defender answer: 10
Answer to give: 10
15:20:39 Line 105  INFO [main] - validPlay - Phase: 2
15:20:39 Line 106  INFO [main] - validPlay - Challenger guess: 4440
15:20:39 Line 144  INFO [main] - answer - Defender answer: 10
Answer to give: 10
15:20:39 Line 105  INFO [main] - validPlay - Phase: 2
15:20:39 Line 106  INFO [main] - validPlay - Challenger guess: 4440
15:20:39 Line 144  INFO [main] - answer - Defender answer: 10
Answer to give: 10
15:20:39 Line 105  INFO [main] - validPlay - Phase: 2
15:20:39 Line 106  INFO [main] - validPlay - Challenger guess: 4440
15:20:39 Line 144  INFO [main] - answer - Defender answer: 10
Answer to give: 10
15:20:39 Line 105  INFO [main] - validPlay - Phase: 2
15:20:39 Line 106  INFO [main] - validPlay - Challenger guess: 4440
15:20:39 Line 144  INFO [main] - answer - Defender answer: 10
Answer to give: 10
15:20:39 Line 105  INFO [main] - validPlay - Phase: 2
15:20:39 Line 106  INFO [main] - validPlay - Challenger guess: 4440
15:20:39 Line 144  INFO [main] - answer - Defender answer: 10
Answer to give: 10
15:20:39 Line 105  INFO [main] - validPlay - Phase: 2
15:20:39 Line 106  INFO [main] - validPlay - Challenger guess: 4440
15:20:39 Line 144  INFO [main] - answer - Defender answer: 10
Answer to give: 10
15:20:39 Line 105  INFO [main] - validPlay - Phase: 2
15:20:39 Line 106  INFO [main] - validPlay - Challenger guess: 4440
15:20:39 Line 144  INFO [main] - answer - Defender answer: 10
Answer to give: 10
15:20:39 Line 105  INFO [main] - validPlay - Phase: 2
15:20:39 Line 106  INFO [main] - validPlay - Challenger guess: 4440
15:20:39 Line 144  INFO [main] - answer - Defender answer: 10
Answer to give: 10
15:20:39 Line 105  INFO [main] - validPlay - Phase: 2
15:20:39 Line 106  INFO [main] - validPlay - Challenger guess: 4440
15:20:39 Line 144  INFO [main] - answer - Defender answer: 10
Answer to give: 10
15:20:39 Line 105  INFO [main] - validPlay - Phase: 2
15:20:39 Line 106  INFO [main] - validPlay - Challenger guess: 4440
15:20:39 Line 144  INFO [main] - answer - Defender answer: 10
Answer to give: 10
15:20:39 Line 105  INFO [main] - validPlay - Phase: 2
15:20:39 Line 106  INFO [main] - validPlay - Challenger guess: 4440
15:20:39 Line 144  INFO [main] - answer - Defender answer: 10
Answer to give: 10
15:20:39 Line 105  INFO [main] - validPlay - Phase: 2
15:20:39 Line 106  INFO [main] - validPlay - Challenger guess: 4440
15:20:39 Line 144  INFO [main] - answer - Defender answer: 10
Answer to give: 10
15:20:39 Line 105  INFO [main] - validPlay - Phase: 2
15:20:39 Line 106  INFO [main] - validPlay - Challenger guess: 4440
15:20:39 Line 144  INFO [main] - answer - Defender answer: 10
Answer to give: 10
15:20:39 Line 105  INFO [main] - validPlay - Phase: 2
15:20:39 Line 106  INFO [main] - validPlay - Challenger guess: 4440
15:20:39 Line 144  INFO [main] - answer - Defender answer: 10
Answer to give: 10
15:20:39 Line 105  INFO [main] - validPlay - Phase: 2
15:20:39 Line 106  INFO [main] - validPlay - Challenger guess: 4440
15:20:39 Line 144  INFO [main] - answer - Defender answer: 10
Answer to give: 10
15:20:39 Line 105  INFO [main] - validPlay - Phase: 2
15:20:39 Line 106  INFO [main] - validPlay - Challenger guess: 4440
15:20:39 Line 144  INFO [main] - answer - Defender answer: 10
Answer to give: 10
15:20:39 Line 105  INFO [main] - validPlay - Phase: 2
15:20:39 Line 106  INFO [main] - validPlay - Challenger guess: 4440
15:20:39 Line 144  INFO [main] - answer - Defender answer: 10
Answer to give: 10
15:20:39 Line 105  INFO [main] - validPlay - Phase: 2
15:20:39 Line 106  INFO [main] - validPlay - Challenger guess: 4440
15:20:39 Line 144  INFO [main] - answer - Defender answer: 10
Answer to give: 10
15:20:39 Line 105  INFO [main] - validPlay - Phase: 2
15:20:39 Line 106  INFO [main] - validPlay - Challenger guess: 4440
15:20:39 Line 144  INFO [main] - answer - Defender answer: 10
Answer to give: 10
15:20:39 Line 105  INFO [main] - validPlay - Phase: 2
15:20:39 Line 106  INFO [main] - validPlay - Challenger guess: 4440
15:20:39 Line 144  INFO [main] - answer - Defender answer: 10
Answer to give: 10
15:20:39 Line 105  INFO [main] - validPlay - Phase: 2
15:20:39 Line 106  INFO [main] - validPlay - Challenger guess: 4440
15:20:39 Line 144  INFO [main] - answer - Defender answer: 10
Answer to give: 10
15:20:39 Line 105  INFO [main] - validPlay - Phase: 2
15:20:39 Line 106  INFO [main] - validPlay - Challenger guess: 4440
15:20:39 Line 144  INFO [main] - answer - Defender answer: 10
Answer to give: 10
15:20:39 Line 105  INFO [main] - validPlay - Phase: 2
15:20:39 Line 106  INFO [main] - validPlay - Challenger guess: 4440
15:20:39 Line 144  INFO [main] - answer - Defender answer: 10
Answer to give: 10
15:20:39 Line 105  INFO [main] - validPlay - Phase: 2
15:20:39 Line 106  INFO [main] - validPlay - Challenger guess: 4440
15:20:39 Line 144  INFO [main] - answer - Defender answer: 10
Answer to give: 10
15:20:39 Line 105  INFO [main] - validPlay - Phase: 2
15:20:39 Line 106  INFO [main] - validPlay - Challenger guess: 4440
15:20:39 Line 144  INFO [main] - answer - Defender answer: 10
Answer to give: 10
15:20:39 Line 105  INFO [main] - validPlay - Phase: 2
15:20:39 Line 106  INFO [main] - validPlay - Challenger guess: 4440
15:20:39 Line 144  INFO [main] - answer - Defender answer: 10
Answer to give: 10
15:20:39 Line 105  INFO [main] - validPlay - Phase: 2
15:20:39 Line 106  INFO [main] - validPlay - Challenger guess: 4440
15:20:39 Line 144  INFO [main] - answer - Defender answer: 10
Answer to give: 10
15:20:39 Line 105  INFO [main] - validPlay - Phase: 2
15:20:39 Line 106  INFO [main] - validPlay - Challenger guess: 4440
15:20:39 Line 144  INFO [main] - answer - Defender answer: 10
Answer to give: 10
15:20:39 Line 105  INFO [main] - validPlay - Phase: 2
15:20:39 Line 106  INFO [main] - validPlay - Challenger guess: 4440
15:20:39 Line 144  INFO [main] - answer - Defender answer: 10
Answer to give: 10
15:20:39 Line 105  INFO [main] - validPlay - Phase: 2
15:20:39 Line 106  INFO [main] - validPlay - Challenger guess: 4440
15:20:39 Line 144  INFO [main] - answer - Defender answer: 10
Answer to give: 10
15:20:39 Line 105  INFO [main] - validPlay - Phase: 2
15:20:39 Line 106  INFO [main] - validPlay - Challenger guess: 4440
15:20:39 Line 144  INFO [main] - answer - Defender answer: 10
Answer to give: 10
15:20:39 Line 105  INFO [main] - validPlay - Phase: 2
15:20:39 Line 106  INFO [main] - validPlay - Challenger guess: 4440
15:20:39 Line 144  INFO [main] - answer - Defender answer: 10
Answer to give: 10
15:20:39 Line 105  INFO [main] - validPlay - Phase: 2
15:20:39 Line 106  INFO [main] - validPlay - Challenger guess: 4440
15:20:39 Line 144  INFO [main] - answer - Defender answer: 10
Answer to give: 10
15:20:39 Line 105  INFO [main] - validPlay - Phase: 2
15:20:39 Line 106  INFO [main] - validPlay - Challenger guess: 4440
15:20:39 Line 144  INFO [main] - answer - Defender answer: 10
Answer to give: 10
15:20:39 Line 105  INFO [main] - validPlay - Phase: 2
15:20:39 Line 106  INFO [main] - validPlay - Challenger guess: 4440
15:20:39 Line 144  INFO [main] - answer - Defender answer: 10
Answer to give: 10
15:20:39 Line 105  INFO [main] - validPlay - Phase: 2
15:20:39 Line 106  INFO [main] - validPlay - Challenger guess: 4440
15:20:39 Line 144  INFO [main] - answer - Defender answer: 10
Answer to give: 10
15:20:39 Line 105  INFO [main] - validPlay - Phase: 2
15:20:39 Line 106  INFO [main] - validPlay - Challenger guess: 4440
15:20:39 Line 144  INFO [main] - answer - Defender answer: 10
Answer to give: 10
15:20:39 Line 105  INFO [main] - validPlay - Phase: 2
15:20:39 Line 106  INFO [main] - validPlay - Challenger guess: 4440
15:20:39 Line 144  INFO [main] - answer - Defender answer: 10
Answer to give: 10
15:20:39 Line 105  INFO [main] - validPlay - Phase: 2
15:20:39 Line 106  INFO [main] - validPlay - Challenger guess: 4440
15:20:39 Line 144  INFO [main] - answer - Defender answer: 10
Answer to give: 10
15:20:39 Line 105  INFO [main] - validPlay - Phase: 2
15:20:39 Line 106  INFO [main] - validPlay - Challenger guess: 4440
15:20:39 Line 144  INFO [main] - answer - Defender answer: 10
Answer to give: 10
15:20:39 Line 105  INFO [main] - validPlay - Phase: 2
15:20:39 Line 106  INFO [main] - validPlay - Challenger guess: 4440
15:20:39 Line 144  INFO [main] - answer - Defender answer: 10
Answer to give: 10
15:20:39 Line 105  INFO [main] - validPlay - Phase: 2
15:20:39 Line 106  INFO [main] - validPlay - Challenger guess: 4440
15:20:39 Line 144  INFO [main] - answer - Defender answer: 10
Answer to give: 10
15:20:39 Line 105  INFO [main] - validPlay - Phase: 2
15:20:39 Line 106  INFO [main] - validPlay - Challenger guess: 4440
15:20:39 Line 144  INFO [main] - answer - Defender answer: 10
Answer to give: 10
15:20:39 Line 105  INFO [main] - validPlay - Phase: 2
15:20:39 Line 106  INFO [main] - validPlay - Challenger guess: 4440
15:20:39 Line 144  INFO [main] - answer - Defender answer: 10
Answer to give: 10
15:20:39 Line 105  INFO [main] - validPlay - Phase: 2
15:20:39 Line 106  INFO [main] - validPlay - Challenger guess: 4440
15:20:39 Line 144  INFO [main] - answer - Defender answer: 10
Answer to give: 10
15:20:39 Line 105  INFO [main] - validPlay - Phase: 2
15:20:39 Line 106  INFO [main] - validPlay - Challenger guess: 4440
15:20:39 Line 144  INFO [main] - answer - Defender answer: 10
Answer to give: 10
15:20:39 Line 105  INFO [main] - validPlay - Phase: 2
15:20:39 Line 106  INFO [main] - validPlay - Challenger guess: 4440
15:20:39 Line 144  INFO [main] - answer - Defender answer: 10
Answer to give: 10
15:20:39 Line 105  INFO [main] - validPlay - Phase: 2
15:20:39 Line 106  INFO [main] - validPlay - Challenger guess: 4440
15:20:39 Line 144  INFO [main] - answer - Defender answer: 10
Answer to give: 10
15:20:39 Line 105  INFO [main] - validPlay - Phase: 2
15:20:39 Line 106  INFO [main] - validPlay - Challenger guess: 4440
15:20:39 Line 144  INFO [main] - answer - Defender answer: 10
Answer to give: 10
15:20:39 Line 105  INFO [main] - validPlay - Phase: 2
15:20:39 Line 106  INFO [main] - validPlay - Challenger guess: 4440
15:20:39 Line 144  INFO [main] - answer - Defender answer: 10
Answer to give: 10
15:20:39 Line 105  INFO [main] - validPlay - Phase: 2
15:20:39 Line 106  INFO [main] - validPlay - Challenger guess: 4440
15:20:39 Line 144  INFO [main] - answer - Defender answer: 10
Answer to give: 10
15:20:39 Line 105  INFO [main] - validPlay - Phase: 2
15:20:39 Line 106  INFO [main] - validPlay - Challenger guess: 4440
15:20:39 Line 144  INFO [main] - answer - Defender answer: 10
Answer to give: 10
15:20:39 Line 105  INFO [main] - validPlay - Phase: 2
15:20:39 Line 106  INFO [main] - validPlay - Challenger guess: 4440
15:20:39 Line 144  INFO [main] - answer - Defender answer: 10
Answer to give: 10
15:20:39 Line 105  INFO [main] - validPlay - Phase: 2
15:20:39 Line 106  INFO [main] - validPlay - Challenger guess: 4440
15:20:39 Line 144  INFO [main] - answer - Defender answer: 10
Answer to give: 10
15:20:39 Line 250  INFO [main] - reset - Game values have been reset (error, output, input, attempts)
15:20:39 Line 251  INFO [main] - reset - challenger phase: 0
15:20:39 Line 119  INFO [main] - playing - Winner game 2: AI
15:20:39 Line 137  INFO [main] - getFinalresult - End of the game loop. Final winner: Both players win!
15:20:44 Line 250  INFO [main] - reset - Game values have been reset (error, output, input, attempts)
15:20:44 Line 251  INFO [main] - reset - challenger phase: 0
15:20:44 Line 151  INFO [main] - checkKeepPlaying - Game restarting: game.MasterMind@312b1dae
15:20:44 Line 72  INFO [main] - validSetup - Secret code set: 5688
15:20:44 Line 105  INFO [main] - validPlay - Phase: 1
15:20:44 Line 106  INFO [main] - validPlay - Challenger guess: 3333
15:20:44 Line 144  INFO [main] - answer - Defender answer: 00
Answer to give: 00
15:20:44 Line 105  INFO [main] - validPlay - Phase: 1
15:20:44 Line 106  INFO [main] - validPlay - Challenger guess: 7777
15:20:44 Line 144  INFO [main] - answer - Defender answer: 00
Answer to give: 00
15:20:44 Line 105  INFO [main] - validPlay - Phase: 1
15:20:44 Line 106  INFO [main] - validPlay - Challenger guess: 6666
15:20:44 Line 144  INFO [main] - answer - Defender answer: 31
Answer to give: 31
15:20:44 Line 105  INFO [main] - validPlay - Phase: 1
15:20:44 Line 106  INFO [main] - validPlay - Challenger guess: 0000
15:20:44 Line 144  INFO [main] - answer - Defender answer: 00
Answer to give: 00
15:20:44 Line 105  INFO [main] - validPlay - Phase: 1
15:20:44 Line 106  INFO [main] - validPlay - Challenger guess: 1111
15:20:44 Line 144  INFO [main] - answer - Defender answer: 00
Answer to give: 00
15:20:44 Line 105  INFO [main] - validPlay - Phase: 1
15:20:44 Line 106  INFO [main] - validPlay - Challenger guess: 8888
15:20:44 Line 144  INFO [main] - answer - Defender answer: 22
Answer to give: 22
15:20:44 Line 105  INFO [main] - validPlay - Phase: 1
15:20:44 Line 106  INFO [main] - validPlay - Challenger guess: 2222
15:20:44 Line 144  INFO [main] - answer - Defender answer: 00
Answer to give: 00
15:20:44 Line 105  INFO [main] - validPlay - Phase: 1
15:20:44 Line 106  INFO [main] - validPlay - Challenger guess: 9999
15:20:44 Line 144  INFO [main] - answer - Defender answer: 00
Answer to give: 00
15:20:44 Line 105  INFO [main] - validPlay - Phase: 1
15:20:44 Line 106  INFO [main] - validPlay - Challenger guess: 4444
15:20:44 Line 144  INFO [main] - answer - Defender answer: 00
Answer to give: 00
15:20:44 Line 105  INFO [main] - validPlay - Phase: 1
15:20:44 Line 106  INFO [main] - validPlay - Challenger guess: 5555
15:20:44 Line 144  INFO [main] - answer - Defender answer: 31
Answer to give: 31
15:20:44 Line 105  INFO [main] - validPlay - Phase: 2
15:20:44 Line 106  INFO [main] - validPlay - Challenger guess: 6444
15:20:44 Line 144  INFO [main] - answer - Defender answer: 10
Answer to give: 10
15:20:44 Line 105  INFO [main] - validPlay - Phase: 2
15:20:44 Line 106  INFO [main] - validPlay - Challenger guess: 8444
15:20:44 Line 144  INFO [main] - answer - Defender answer: 10
Answer to give: 10
15:20:44 Line 105  INFO [main] - validPlay - Phase: 2
15:20:44 Line 106  INFO [main] - validPlay - Challenger guess: 8444
15:20:44 Line 144  INFO [main] - answer - Defender answer: 10
Answer to give: 10
15:20:44 Line 105  INFO [main] - validPlay - Phase: 2
15:20:44 Line 106  INFO [main] - validPlay - Challenger guess: 5444
15:20:44 Line 144  INFO [main] - answer - Defender answer: 01
Answer to give: 01
15:20:44 Line 105  INFO [main] - validPlay - Phase: 2
15:20:44 Line 106  INFO [main] - validPlay - Challenger guess: 4644
15:20:44 Line 144  INFO [main] - answer - Defender answer: 01
Answer to give: 01
15:20:44 Line 105  INFO [main] - validPlay - Phase: 2
15:20:44 Line 106  INFO [main] - validPlay - Challenger guess: 4484
15:20:44 Line 144  INFO [main] - answer - Defender answer: 01
Answer to give: 01
15:20:44 Line 105  INFO [main] - validPlay - Phase: 2
15:20:44 Line 106  INFO [main] - validPlay - Challenger guess: 4448
15:20:44 Line 144  INFO [main] - answer - Defender answer: 01
Answer to give: 01
15:20:44 Line 105  INFO [main] - validPlay - Phase: 3
15:20:44 Line 106  INFO [main] - validPlay - Challenger guess: 5688
15:20:44 Line 144  INFO [main] - answer - Defender answer: 04
Answer to give: 04
15:20:44 Line 250  INFO [main] - reset - Game values have been reset (error, output, input, attempts)
15:20:44 Line 251  INFO [main] - reset - challenger phase: 0
15:20:44 Line 119  INFO [main] - playing - Winner game 1: AI
15:20:44 Line 72  INFO [main] - validSetup - Secret code set: 6200
15:20:44 Line 105  INFO [main] - validPlay - Phase: 1
15:20:44 Line 106  INFO [main] - validPlay - Challenger guess: 1111
15:20:44 Line 144  INFO [main] - answer - Defender answer: 00
Answer to give: 00
15:20:44 Line 105  INFO [main] - validPlay - Phase: 1
15:20:44 Line 106  INFO [main] - validPlay - Challenger guess: 8888
15:20:44 Line 144  INFO [main] - answer - Defender answer: 00
Answer to give: 00
15:20:44 Line 105  INFO [main] - validPlay - Phase: 1
15:20:44 Line 106  INFO [main] - validPlay - Challenger guess: 2222
15:20:44 Line 144  INFO [main] - answer - Defender answer: 51
Answer to give: 51
15:20:44 Line 105  INFO [main] - validPlay - Phase: 1
15:20:44 Line 106  INFO [main] - validPlay - Challenger guess: 4444
15:20:44 Line 144  INFO [main] - answer - Defender answer: 00
Answer to give: 00
15:20:44 Line 105  INFO [main] - validPlay - Phase: 1
15:20:44 Line 106  INFO [main] - validPlay - Challenger guess: 9999
15:20:44 Line 144  INFO [main] - answer - Defender answer: 00
Answer to give: 00
15:20:44 Line 105  INFO [main] - validPlay - Phase: 1
15:20:44 Line 106  INFO [main] - validPlay - Challenger guess: 5555
15:20:44 Line 144  INFO [main] - answer - Defender answer: 00
Answer to give: 00
15:20:44 Line 105  INFO [main] - validPlay - Phase: 1
15:20:44 Line 106  INFO [main] - validPlay - Challenger guess: 6666
15:20:44 Line 144  INFO [main] - answer - Defender answer: 51
Answer to give: 51
15:20:44 Line 105  INFO [main] - validPlay - Phase: 1
15:20:44 Line 106  INFO [main] - validPlay - Challenger guess: 7777
15:20:44 Line 144  INFO [main] - answer - Defender answer: 00
Answer to give: 00
15:20:44 Line 105  INFO [main] - validPlay - Phase: 1
15:20:44 Line 106  INFO [main] - validPlay - Challenger guess: 0000
15:20:44 Line 144  INFO [main] - answer - Defender answer: 32
Answer to give: 32
15:20:44 Line 105  INFO [main] - validPlay - Phase: 2
15:20:44 Line 106  INFO [main] - validPlay - Challenger guess: 2444
15:20:44 Line 144  INFO [main] - answer - Defender answer: 30
Answer to give: 30
15:20:44 Line 105  INFO [main] - validPlay - Phase: 2
15:20:44 Line 106  INFO [main] - validPlay - Challenger guess: 6444
15:20:44 Line 144  INFO [main] - answer - Defender answer: 21
Answer to give: 21
15:20:44 Line 105  INFO [main] - validPlay - Phase: 2
15:20:44 Line 106  INFO [main] - validPlay - Challenger guess: 4244
15:20:44 Line 144  INFO [main] - answer - Defender answer: 01
Answer to give: 01
15:20:44 Line 105  INFO [main] - validPlay - Phase: 2
15:20:44 Line 106  INFO [main] - validPlay - Challenger guess: 4404
15:20:44 Line 144  INFO [main] - answer - Defender answer: 01
Answer to give: 01
15:20:44 Line 105  INFO [main] - validPlay - Phase: 2
15:20:44 Line 106  INFO [main] - validPlay - Challenger guess: 4440
15:20:44 Line 144  INFO [main] - answer - Defender answer: 01
Answer to give: 01
15:20:44 Line 105  INFO [main] - validPlay - Phase: 3
15:20:44 Line 106  INFO [main] - validPlay - Challenger guess: 6200
15:20:44 Line 144  INFO [main] - answer - Defender answer: 24
Answer to give: 24
15:20:44 Line 250  INFO [main] - reset - Game values have been reset (error, output, input, attempts)
15:20:44 Line 251  INFO [main] - reset - challenger phase: 0
15:20:44 Line 119  INFO [main] - playing - Winner game 2: AI
15:20:44 Line 137  INFO [main] - getFinalresult - End of the game loop. Final winner: Both players win!
