11:30:36 Line 40  INFO [main] - <init> - Menu Created
11:30:36 Line 53  INFO [main] - checkStatusMenu - MENU_GAME
11:30:42 Line 62  INFO [main] - checkStatusMenu - MENU_MODE MoreLess
11:30:42 Line 53  INFO [main] - checkStatusMenu - MENU_MODE
11:30:44 Line 73  INFO [main] - checkStatusMenu - DEFENDER
11:30:44 Line 53  INFO [main] - checkStatusMenu - GAME
11:30:44 Line 184  INFO [main] - initGame - Number of games:1
P1:player.AI@7530d0a
P2:player.Human@27bc2616Game:MoreLess
11:30:44 Line 98  INFO [main] - checkStatusGame - SETUP
11:30:44 Line 98  INFO [main] - checkStatusGame - PLAY
11:30:48 Line 98  INFO [main] - checkStatusGame - ANSWER
11:30:48 Line 98  INFO [main] - checkStatusGame - WIN
11:30:48 Line 98  INFO [main] - checkStatusGame - REPLAY
11:30:51 Line 244 ERROR [main] - checkError - Invalid Character
11:30:51 Line 98  INFO [main] - checkStatusGame - REPLAY
11:30:53 Line 244 ERROR [main] - checkError - Invalid Character
11:30:53 Line 98  INFO [main] - checkStatusGame - REPLAY
11:30:54 Line 244 ERROR [main] - checkError - Invalid Character
11:30:54 Line 98  INFO [main] - checkStatusGame - REPLAY
11:30:57 Line 244 ERROR [main] - checkError - Invalid Character
11:30:57 Line 98  INFO [main] - checkStatusGame - REPLAY
11:30:59 Line 244 ERROR [main] - checkError - Invalid Character
11:30:59 Line 98  INFO [main] - checkStatusGame - SETUP
11:30:59 Line 98  INFO [main] - checkStatusGame - PLAY
11:31:07 Line 98  INFO [main] - checkStatusGame - ANSWER
11:31:07 Line 98  INFO [main] - checkStatusGame - WIN
11:31:07 Line 98  INFO [main] - checkStatusGame - REPLAY
11:31:13 Line 98  INFO [main] - checkStatusGame - EXIT
11:31:14 Line 53  INFO [main] - checkStatusMenu - MENU_GAME
11:31:22 Line 62  INFO [main] - checkStatusMenu - MENU_MODE MasterMind
11:31:22 Line 53  INFO [main] - checkStatusMenu - MENU_MODE
11:31:23 Line 73  INFO [main] - checkStatusMenu - DEFENDER
11:31:23 Line 53  INFO [main] - checkStatusMenu - GAME
11:31:23 Line 184  INFO [main] - initGame - Number of games:1
P1:player.AI@133314b
P2:player.Human@b1bc7edGame:MasterMind
11:31:23 Line 98  INFO [main] - checkStatusGame - SETUP
11:31:23 Line 98  INFO [main] - checkStatusGame - PLAY
11:31:27 Line 98  INFO [main] - checkStatusGame - ANSWER
11:31:27 Line 98  INFO [main] - checkStatusGame - WIN
11:31:27 Line 98  INFO [main] - checkStatusGame - REPLAY
